{"numFailedTestSuites":0,"numFailedTests":0,"numPassedTestSuites":1,"numPassedTests":14,"numPendingTestSuites":0,"numPendingTests":0,"numRuntimeErrorTestSuites":0,"numTodoTests":0,"numTotalTestSuites":1,"numTotalTests":14,"openHandles":[],"snapshot":{"added":0,"didUpdate":false,"failure":false,"filesAdded":0,"filesRemoved":0,"filesRemovedList":[],"filesUnmatched":0,"filesUpdated":0,"matched":0,"total":0,"unchecked":0,"uncheckedKeysByFile":[],"unmatched":0,"updated":0},"startTime":1629273427406,"success":true,"testResults":[{"assertionResults":[{"ancestorTitles":["Thumbnail 컴포넌트 테스트","썸네일이 표현되어야 합니다"],"failureMessages":[],"fullName":"Thumbnail 컴포넌트 테스트 썸네일이 표현되어야 합니다 thumbnail 클래스를 가진 <img> 엘리먼트를 리턴해야 합니다","location":null,"status":"passed","title":"thumbnail 클래스를 가진 <img> 엘리먼트를 리턴해야 합니다"},{"ancestorTitles":["Thumbnail 컴포넌트 테스트","썸네일이 표현되어야 합니다"],"failureMessages":[],"fullName":"Thumbnail 컴포넌트 테스트 썸네일이 표현되어야 합니다 `source` 라는 이름의 props으로 이미지 파일 이름을 전달받아야 합니다","location":null,"status":"passed","title":"`source` 라는 이름의 props으로 이미지 파일 이름을 전달받아야 합니다"},{"ancestorTitles":["Thumbnail 컴포넌트 테스트","썸네일이 표현되어야 합니다"],"failureMessages":[],"fullName":"Thumbnail 컴포넌트 테스트 썸네일이 표현되어야 합니다 <img> 엘리먼트는 source props로 받은 이미지를 표시해야 합니다","location":null,"status":"passed","title":"<img> 엘리먼트는 source props로 받은 이미지를 표시해야 합니다"},{"ancestorTitles":["App 컴포넌트 테스트","메뉴에는 Gallery, About이라는 두 개의 항목이 존재해야 합니다"],"failureMessages":[],"fullName":"App 컴포넌트 테스트 메뉴에는 Gallery, About이라는 두 개의 항목이 존재해야 합니다 ul > li 엘리먼트 아래에 <Link> 컴포넌트가 두 개 존재해야 합니다","location":null,"status":"passed","title":"ul > li 엘리먼트 아래에 <Link> 컴포넌트가 두 개 존재해야 합니다"},{"ancestorTitles":["App 컴포넌트 테스트","메뉴에는 Gallery, About이라는 두 개의 항목이 존재해야 합니다"],"failureMessages":[],"fullName":"App 컴포넌트 테스트 메뉴에는 Gallery, About이라는 두 개의 항목이 존재해야 합니다 <Link> 컴포넌트는 각각 `/`, `/about` 주소로 이동할 수 있어야 합니다","location":null,"status":"passed","title":"<Link> 컴포넌트는 각각 `/`, `/about` 주소로 이동할 수 있어야 합니다"},{"ancestorTitles":["App 컴포넌트 테스트","페이지 영역이 존재하며, 메뉴 선택에 따라 페이지가 바뀌어야 합니다"],"failureMessages":[],"fullName":"App 컴포넌트 테스트 페이지 영역이 존재하며, 메뉴 선택에 따라 페이지가 바뀌어야 합니다 `#page` 영역에 라우팅에 따른 페이지 분기를 구현해야 합니다","location":null,"status":"passed","title":"`#page` 영역에 라우팅에 따른 페이지 분기를 구현해야 합니다"},{"ancestorTitles":["App 컴포넌트 테스트","페이지 영역이 존재하며, 메뉴 선택에 따라 페이지가 바뀌어야 합니다"],"failureMessages":[],"fullName":"App 컴포넌트 테스트 페이지 영역이 존재하며, 메뉴 선택에 따라 페이지가 바뀌어야 합니다 기본적으로 <Gallery> 페이지가 보여야 합니다","location":null,"status":"passed","title":"기본적으로 <Gallery> 페이지가 보여야 합니다"},{"ancestorTitles":["App 컴포넌트 테스트","페이지 영역이 존재하며, 메뉴 선택에 따라 페이지가 바뀌어야 합니다"],"failureMessages":[],"fullName":"App 컴포넌트 테스트 페이지 영역이 존재하며, 메뉴 선택에 따라 페이지가 바뀌어야 합니다 `/about` 주소로 이동하면, <About> 페이지가 보여야 합니다","location":null,"status":"passed","title":"`/about` 주소로 이동하면, <About> 페이지가 보여야 합니다"},{"ancestorTitles":["Gallery 컴포넌트 테스트","사진 목록이 map을 이용한 반복을 통해 보여져야 합니다"],"failureMessages":[],"fullName":"Gallery 컴포넌트 테스트 사진 목록이 map을 이용한 반복을 통해 보여져야 합니다 #list 아래에 <a> 엘리먼트가 세 개 있어야합니다","location":null,"status":"passed","title":"#list 아래에 <a> 엘리먼트가 세 개 있어야합니다"},{"ancestorTitles":["Gallery 컴포넌트 테스트","사진 목록이 map을 이용한 반복을 통해 보여져야 합니다"],"failureMessages":[],"fullName":"Gallery 컴포넌트 테스트 사진 목록이 map을 이용한 반복을 통해 보여져야 합니다 <a> 엘리먼트의 자식으로 <Thumbnail> 컴포넌트가 있어야합니다","location":null,"status":"passed","title":"<a> 엘리먼트의 자식으로 <Thumbnail> 컴포넌트가 있어야합니다"},{"ancestorTitles":["Gallery 컴포넌트 테스트","목록에서 선택한 사진은 별도로 크게 보여야 합니다"],"failureMessages":[],"fullName":"Gallery 컴포넌트 테스트 목록에서 선택한 사진은 별도로 크게 보여야 합니다 선택한 사진은 상태로 존재해야 하며, 초기값은 0번째 인덱스의 이미지여야 합니다","location":null,"status":"passed","title":"선택한 사진은 상태로 존재해야 하며, 초기값은 0번째 인덱스의 이미지여야 합니다"},{"ancestorTitles":["Gallery 컴포넌트 테스트","목록에서 선택한 사진은 별도로 크게 보여야 합니다"],"failureMessages":[],"fullName":"Gallery 컴포넌트 테스트 목록에서 선택한 사진은 별도로 크게 보여야 합니다 `#current-image`에 현재 선택한 사진이 표시되어야 합니다","location":null,"status":"passed","title":"`#current-image`에 현재 선택한 사진이 표시되어야 합니다"},{"ancestorTitles":["Gallery 컴포넌트 테스트","사진 목록에 있는 사진을 클릭하면, 현재 선택한 사진이 바뀌어야 합니다"],"failureMessages":[],"fullName":"Gallery 컴포넌트 테스트 사진 목록에 있는 사진을 클릭하면, 현재 선택한 사진이 바뀌어야 합니다 <a> 엘리먼트를 클릭하면 handleClick 함수가 실행되고, 클릭한 이미지 정보가 인자로 전달되어야 합니다","location":null,"status":"passed","title":"<a> 엘리먼트를 클릭하면 handleClick 함수가 실행되고, 클릭한 이미지 정보가 인자로 전달되어야 합니다"},{"ancestorTitles":["Gallery 컴포넌트 테스트","사진 목록에 있는 사진을 클릭하면, 현재 선택한 사진이 바뀌어야 합니다"],"failureMessages":[],"fullName":"Gallery 컴포넌트 테스트 사진 목록에 있는 사진을 클릭하면, 현재 선택한 사진이 바뀌어야 합니다 handleClick 함수를 통해 선택한 사진에 대한 상태가 변경되어야 합니다","location":null,"status":"passed","title":"handleClick 함수를 통해 선택한 사진에 대한 상태가 변경되어야 합니다"}],"endTime":1629273428872,"message":"","name":"/Users/0hyunCho/Desktop/codestates/im-ha-section-1/src/__test__/index.test.js","startTime":1629273427788,"status":"passed","summary":""}],"wasInterrupted":false}